<?xml version="1.0" encoding="utf-8"?><testsuites name="pytest tests"><testsuite name="pytest" errors="0" failures="0" skipped="0" tests="9" time="3.021" timestamp="2026-04-14T15:05:07.486801+00:00" hostname="agent-env-ee54bf00-9be1-4c0f-9e87-ec1a6318b751"><testcase classname="tests.test_auth.TestAuth" name="test_login_with_correct_credentials" time="0.423" /><testcase classname="tests.test_auth.TestAuth" name="test_login_with_wrong_password" time="0.374" /><testcase classname="tests.test_auth.TestAuth" name="test_login_with_wrong_email" time="0.174" /><testcase classname="tests.test_auth.TestAuth" name="test_login_case_insensitive_email" time="0.330" /><testcase classname="tests.test_auth.TestAuth" name="test_get_current_user_with_valid_token" time="0.449" /><testcase classname="tests.test_auth.TestAuth" name="test_get_current_user_without_token" time="0.188" /><testcase classname="tests.test_auth.TestAuth" name="test_protected_endpoint_without_auth" time="0.350" /><testcase classname="tests.test_auth.TestAuth" name="test_protected_endpoint_with_invalid_token" time="0.141" /><testcase classname="tests.test_auth.TestAuth" name="test_protected_endpoint_with_valid_token" time="0.567" /></testsuite></testsuites>