<?xml version="1.0" encoding="utf-8"?><testsuites name="pytest tests"><testsuite name="pytest" errors="0" failures="0" skipped="0" tests="41" time="23.631" timestamp="2026-04-14T15:05:20.921445+00:00" hostname="agent-env-ee54bf00-9be1-4c0f-9e87-ec1a6318b751"><testcase classname="tests.test_auth.TestAuth" name="test_login_with_correct_credentials" time="0.412" /><testcase classname="tests.test_auth.TestAuth" name="test_login_with_wrong_password" time="0.389" /><testcase classname="tests.test_auth.TestAuth" name="test_login_with_wrong_email" time="0.116" /><testcase classname="tests.test_auth.TestAuth" name="test_login_case_insensitive_email" time="0.371" /><testcase classname="tests.test_auth.TestAuth" name="test_get_current_user_with_valid_token" time="0.444" /><testcase classname="tests.test_auth.TestAuth" name="test_get_current_user_without_token" time="0.151" /><testcase classname="tests.test_auth.TestAuth" name="test_protected_endpoint_without_auth" time="0.311" /><testcase classname="tests.test_auth.TestAuth" name="test_protected_endpoint_with_invalid_token" time="0.116" /><testcase classname="tests.test_auth.TestAuth" name="test_protected_endpoint_with_valid_token" time="0.482" /><testcase classname="tests.test_dashboard.TestDashboard" name="test_dashboard_loads_successfully" time="0.458" /><testcase classname="tests.test_dashboard.TestDashboard" name="test_dashboard_balance_calculation" time="0.500" /><testcase classname="tests.test_dashboard.TestDashboard" name="test_dashboard_profit_loss_calculation" time="0.444" /><testcase classname="tests.test_dashboard.TestDashboard" name="test_dashboard_stock_per_bag_type" time="0.468" /><testcase classname="tests.test_dashboard.TestDashboard" name="test_dashboard_monthly_breakdown" time="0.509" /><testcase classname="tests.test_dashboard.TestDashboard" name="test_dashboard_bank_transactions_list" time="0.449" /><testcase classname="tests.test_inventory.TestInventory" name="test_get_inventory" time="0.435" /><testcase classname="tests.test_inventory.TestInventory" name="test_inventory_stock_calculation" time="0.444" /><testcase classname="tests.test_inventory.TestInventory" name="test_add_inventory_purchase_naturoplast" time="0.678" /><testcase classname="tests.test_inventory.TestInventory" name="test_add_inventory_purchase_iraniya" time="0.561" /><testcase classname="tests.test_inventory.TestInventory" name="test_inventory_purchase_creates_transaction" time="0.580" /><testcase classname="tests.test_inventory.TestInventory" name="test_inventory_purchase_history" time="0.446" /><testcase classname="tests.test_partners.TestPartners" name="test_create_partner_and_verify" time="0.605" /><testcase classname="tests.test_partners.TestPartners" name="test_get_partners_with_transaction_history" time="0.441" /><testcase classname="tests.test_partners.TestPartners" name="test_partner_investment_affects_bank_balance" time="0.900" /><testcase classname="tests.test_partners.TestPartners" name="test_partner_withdrawal_affects_bank_balance" time="2.231" /><testcase classname="tests.test_partners.TestPartners" name="test_partner_transaction_creates_bank_transaction" time="0.706" /><testcase classname="tests.test_partners.TestPartners" name="test_update_partner" time="0.639" /><testcase classname="tests.test_partners.TestPartners" name="test_delete_partner" time="0.548" /><testcase classname="tests.test_projects.TestProjects" name="test_create_project_and_verify" time="0.631" /><testcase classname="tests.test_projects.TestProjects" name="test_get_projects_list" time="0.483" /><testcase classname="tests.test_projects.TestProjects" name="test_project_detail_with_linked_transactions" time="0.742" /><testcase classname="tests.test_projects.TestProjects" name="test_add_bag_usage_to_project" time="0.584" /><testcase classname="tests.test_projects.TestProjects" name="test_update_project" time="0.601" /><testcase classname="tests.test_projects.TestProjects" name="test_delete_project" time="0.584" /><testcase classname="tests.test_transactions.TestTransactions" name="test_create_transaction_and_verify" time="0.605" /><testcase classname="tests.test_transactions.TestTransactions" name="test_transaction_with_project_linking" time="0.610" /><testcase classname="tests.test_transactions.TestTransactions" name="test_transaction_modes" time="0.688" /><testcase classname="tests.test_transactions.TestTransactions" name="test_transaction_categories" time="1.313" /><testcase classname="tests.test_transactions.TestTransactions" name="test_update_transaction_balance_reversal" time="0.639" /><testcase classname="tests.test_transactions.TestTransactions" name="test_delete_transaction_reverses_balance" time="0.640" /><testcase classname="tests.test_transactions.TestTransactions" name="test_get_transactions_with_filters" time="0.538" /></testsuite></testsuites>