<?xml version="1.0" encoding="utf-8"?><testsuites name="pytest tests"><testsuite name="pytest" errors="0" failures="2" skipped="0" tests="32" time="7.486" timestamp="2026-04-14T11:51:16.244227+00:00" hostname="agent-env-ee54bf00-9be1-4c0f-9e87-ec1a6318b751"><testcase classname="tests.test_dashboard.TestDashboard" name="test_dashboard_loads_successfully" time="0.268" /><testcase classname="tests.test_dashboard.TestDashboard" name="test_dashboard_balance_calculation" time="0.145" /><testcase classname="tests.test_dashboard.TestDashboard" name="test_dashboard_profit_loss_calculation" time="0.100" /><testcase classname="tests.test_dashboard.TestDashboard" name="test_dashboard_stock_per_bag_type" time="0.104" /><testcase classname="tests.test_dashboard.TestDashboard" name="test_dashboard_monthly_breakdown" time="0.139" /><testcase classname="tests.test_dashboard.TestDashboard" name="test_dashboard_bank_transactions_list" time="0.103" /><testcase classname="tests.test_inventory.TestInventory" name="test_get_inventory" time="0.100" /><testcase classname="tests.test_inventory.TestInventory" name="test_inventory_stock_calculation" time="0.144" /><testcase classname="tests.test_inventory.TestInventory" name="test_add_inventory_purchase_naturoplast" time="0.378" /><testcase classname="tests.test_inventory.TestInventory" name="test_add_inventory_purchase_iraniya" time="0.302" /><testcase classname="tests.test_inventory.TestInventory" name="test_inventory_purchase_creates_transaction" time="0.198" /><testcase classname="tests.test_inventory.TestInventory" name="test_inventory_purchase_history" time="0.136" /><testcase classname="tests.test_partners.TestPartners" name="test_create_partner_and_verify" time="0.176" /><testcase classname="tests.test_partners.TestPartners" name="test_get_partners_with_transaction_history" time="0.122" /><testcase classname="tests.test_partners.TestPartners" name="test_partner_investment_affects_bank_balance" time="0.247"><failure message="AssertionError: Bank balance not updated: 79000.0 != 54000.0&#10;assert 79000.0 == (29000.0 + 25000.0)">tests/test_partners.py:72: in test_partner_investment_affects_bank_balance
    assert dash2['bank_balance'] == initial_bank + 25000.0, \
E   AssertionError: Bank balance not updated: 79000.0 != 54000.0
E   assert 79000.0 == (29000.0 + 25000.0)</failure></testcase><testcase classname="tests.test_partners.TestPartners" name="test_partner_withdrawal_affects_bank_balance" time="0.305"><failure message="AssertionError: Bank balance not updated: 59000.0 != 69000.0&#10;assert 59000.0 == (79000.0 - 10000.0)">tests/test_partners.py:112: in test_partner_withdrawal_affects_bank_balance
    assert dash2['bank_balance'] == initial_bank - 10000.0, \
E   AssertionError: Bank balance not updated: 59000.0 != 69000.0
E   assert 59000.0 == (79000.0 - 10000.0)</failure></testcase><testcase classname="tests.test_partners.TestPartners" name="test_partner_transaction_creates_bank_transaction" time="0.304" /><testcase classname="tests.test_partners.TestPartners" name="test_update_partner" time="0.205" /><testcase classname="tests.test_partners.TestPartners" name="test_delete_partner" time="0.195" /><testcase classname="tests.test_projects.TestProjects" name="test_create_project_and_verify" time="0.198" /><testcase classname="tests.test_projects.TestProjects" name="test_get_projects_list" time="0.099" /><testcase classname="tests.test_projects.TestProjects" name="test_project_detail_with_linked_transactions" time="0.286" /><testcase classname="tests.test_projects.TestProjects" name="test_add_bag_usage_to_project" time="0.234" /><testcase classname="tests.test_projects.TestProjects" name="test_update_project" time="0.243" /><testcase classname="tests.test_projects.TestProjects" name="test_delete_project" time="0.197" /><testcase classname="tests.test_transactions.TestTransactions" name="test_create_transaction_and_verify" time="0.263" /><testcase classname="tests.test_transactions.TestTransactions" name="test_transaction_with_project_linking" time="0.287" /><testcase classname="tests.test_transactions.TestTransactions" name="test_transaction_modes" time="0.335" /><testcase classname="tests.test_transactions.TestTransactions" name="test_transaction_categories" time="0.593" /><testcase classname="tests.test_transactions.TestTransactions" name="test_update_transaction_balance_reversal" time="0.441" /><testcase classname="tests.test_transactions.TestTransactions" name="test_delete_transaction_reverses_balance" time="0.334" /><testcase classname="tests.test_transactions.TestTransactions" name="test_get_transactions_with_filters" time="0.187" /></testsuite></testsuites>